<?xml version="1.0" encoding="UTF-8"?>
<testng-results ignored="0" total="16" passed="14" failed="2" skipped="0">
  <reporter-output>
  </reporter-output>
  <suite started-at="2024-07-09T18:43:39 IST" name="Suite" finished-at="2024-07-09T18:44:38 IST" duration-ms="58361">
    <groups>
    </groups>
    <test started-at="2024-07-09T18:43:39 IST" name="OasysDataCAMS" finished-at="2024-07-09T18:44:38 IST" duration-ms="58361">
      <class name="CamsOasys.Cams_Oasys.CamsEntry">
        <test-method is-config="true" signature="setup()[pri:0, instance:CamsOasys.Cams_Oasys.CamsEntry@1eb5174b]" started-at="2024-07-09T18:43:39 IST" name="setup" finished-at="2024-07-09T18:43:42 IST" duration-ms="2342" status="PASS">
          <reporter-output>
          </reporter-output>
        </test-method> <!-- setup -->
        <test-method signature="click_On_Login()[pri:1, instance:CamsOasys.Cams_Oasys.CamsEntry@1eb5174b]" started-at="2024-07-09T18:43:42 IST" name="click_On_Login" finished-at="2024-07-09T18:43:52 IST" duration-ms="10329" status="FAIL">
          <exception class="org.openqa.selenium.NoSuchElementException">
            <message>
              <![CDATA[no such element: Unable to locate element: {"method":"xpath","selector":"//*[@id='btnseed1']"}
  (Session info: chrome=126.0.6478.127)
For documentation on this error, please visit: https://www.seleniumhq.org/exceptions/no_such_element.html
Build info: version: '3.141.59', revision: 'e82be7d358', time: '2018-11-14T08:17:03'
System info: host: 'OASYS-LAP-146', ip: '192.168.6.138', os.name: 'Windows 11', os.arch: 'amd64', os.version: '10.0', java.version: '17.0.11'
Driver info: org.openqa.selenium.chrome.ChromeDriver
Capabilities {acceptInsecureCerts: false, browserName: chrome, browserVersion: 126.0.6478.127, chrome: {chromedriverVersion: 125.0.6422.141 (4b1e8393712..., userDataDir: C:\Users\nirak\AppData\Loca...}, fedcm:accounts: true, goog:chromeOptions: {debuggerAddress: localhost:52794}, javascriptEnabled: true, networkConnectionEnabled: false, pageLoadStrategy: normal, platform: WINDOWS, platformName: WINDOWS, proxy: Proxy(), setWindowRect: true, strictFileInteractability: false, timeouts: {implicit: 0, pageLoad: 300000, script: 30000}, unhandledPromptBehavior: dismiss and notify, webauthn:extension:credBlob: true, webauthn:extension:largeBlob: true, webauthn:extension:minPinLength: true, webauthn:extension:prf: true, webauthn:virtualAuthenticators: true}
Session ID: 2f21828349b4e278bf3890850d7a3826
*** Element info: {Using=xpath, value=//*[@id='btnseed1']}]]>
            </message>
            <full-stacktrace>
              <![CDATA[org.openqa.selenium.NoSuchElementException: no such element: Unable to locate element: {"method":"xpath","selector":"//*[@id='btnseed1']"}
  (Session info: chrome=126.0.6478.127)
For documentation on this error, please visit: https://www.seleniumhq.org/exceptions/no_such_element.html
Build info: version: '3.141.59', revision: 'e82be7d358', time: '2018-11-14T08:17:03'
System info: host: 'OASYS-LAP-146', ip: '192.168.6.138', os.name: 'Windows 11', os.arch: 'amd64', os.version: '10.0', java.version: '17.0.11'
Driver info: org.openqa.selenium.chrome.ChromeDriver
Capabilities {acceptInsecureCerts: false, browserName: chrome, browserVersion: 126.0.6478.127, chrome: {chromedriverVersion: 125.0.6422.141 (4b1e8393712..., userDataDir: C:\Users\nirak\AppData\Loca...}, fedcm:accounts: true, goog:chromeOptions: {debuggerAddress: localhost:52794}, javascriptEnabled: true, networkConnectionEnabled: false, pageLoadStrategy: normal, platform: WINDOWS, platformName: WINDOWS, proxy: Proxy(), setWindowRect: true, strictFileInteractability: false, timeouts: {implicit: 0, pageLoad: 300000, script: 30000}, unhandledPromptBehavior: dismiss and notify, webauthn:extension:credBlob: true, webauthn:extension:largeBlob: true, webauthn:extension:minPinLength: true, webauthn:extension:prf: true, webauthn:virtualAuthenticators: true}
Session ID: 2f21828349b4e278bf3890850d7a3826
*** Element info: {Using=xpath, value=//*[@id='btnseed1']}
at java.base/jdk.internal.reflect.NativeConstructorAccessorImpl.newInstance0(Native Method)
at java.base/jdk.internal.reflect.NativeConstructorAccessorImpl.newInstance(NativeConstructorAccessorImpl.java:77)
at java.base/jdk.internal.reflect.DelegatingConstructorAccessorImpl.newInstance(DelegatingConstructorAccessorImpl.java:45)
at java.base/java.lang.reflect.Constructor.newInstanceWithCaller(Constructor.java:499)
at java.base/java.lang.reflect.Constructor.newInstance(Constructor.java:480)
at org.openqa.selenium.remote.http.W3CHttpResponseCodec.createException(W3CHttpResponseCodec.java:187)
at org.openqa.selenium.remote.http.W3CHttpResponseCodec.decode(W3CHttpResponseCodec.java:122)
at org.openqa.selenium.remote.http.W3CHttpResponseCodec.decode(W3CHttpResponseCodec.java:49)
at org.openqa.selenium.remote.HttpCommandExecutor.execute(HttpCommandExecutor.java:158)
at org.openqa.selenium.remote.service.DriverCommandExecutor.execute(DriverCommandExecutor.java:83)
at org.openqa.selenium.remote.RemoteWebDriver.execute(RemoteWebDriver.java:552)
at org.openqa.selenium.remote.RemoteWebDriver.findElement(RemoteWebDriver.java:323)
at org.openqa.selenium.remote.RemoteWebDriver.findElementByXPath(RemoteWebDriver.java:428)
at org.openqa.selenium.By$ByXPath.findElement(By.java:353)
at org.openqa.selenium.remote.RemoteWebDriver.findElement(RemoteWebDriver.java:315)
at CamsOasys.Cams_Oasys.CamsEntry.click_On_Login(CamsEntry.java:54)
at java.base/jdk.internal.reflect.NativeMethodAccessorImpl.invoke0(Native Method)
at java.base/jdk.internal.reflect.NativeMethodAccessorImpl.invoke(NativeMethodAccessorImpl.java:77)
at java.base/jdk.internal.reflect.DelegatingMethodAccessorImpl.invoke(DelegatingMethodAccessorImpl.java:43)
at java.base/java.lang.reflect.Method.invoke(Method.java:568)
at org.testng.internal.MethodInvocationHelper.invokeMethod(MethodInvocationHelper.java:133)
at org.testng.internal.TestInvoker.invokeMethod(TestInvoker.java:584)
at org.testng.internal.TestInvoker.invokeTestMethod(TestInvoker.java:172)
at org.testng.internal.MethodRunner.runInSequence(MethodRunner.java:46)
at org.testng.internal.TestInvoker$MethodInvocationAgent.invoke(TestInvoker.java:804)
at org.testng.internal.TestInvoker.invokeTestMethods(TestInvoker.java:145)
at org.testng.internal.TestMethodWorker.invokeTestMethods(TestMethodWorker.java:146)
at org.testng.internal.TestMethodWorker.run(TestMethodWorker.java:128)
at java.base/java.util.ArrayList.forEach(ArrayList.java:1511)
at org.testng.TestRunner.privateRun(TestRunner.java:770)
at org.testng.TestRunner.run(TestRunner.java:591)
at org.testng.SuiteRunner.runTest(SuiteRunner.java:402)
at org.testng.SuiteRunner.runSequentially(SuiteRunner.java:396)
at org.testng.SuiteRunner.privateRun(SuiteRunner.java:355)
at org.testng.SuiteRunner.run(SuiteRunner.java:304)
at org.testng.SuiteRunnerWorker.runSuite(SuiteRunnerWorker.java:53)
at org.testng.SuiteRunnerWorker.run(SuiteRunnerWorker.java:96)
at org.testng.TestNG.runSuitesSequentially(TestNG.java:1180)
at org.testng.TestNG.runSuitesLocally(TestNG.java:1102)
at org.testng.TestNG.runSuites(TestNG.java:1032)
at org.testng.TestNG.run(TestNG.java:1000)
at org.testng.remote.AbstractRemoteTestNG.run(AbstractRemoteTestNG.java:115)
at org.testng.remote.RemoteTestNG.initAndRun(RemoteTestNG.java:293)
at org.testng.remote.RemoteTestNG.main(RemoteTestNG.java:91)
]]>
            </full-stacktrace>
          </exception> <!-- org.openqa.selenium.NoSuchElementException -->
          <reporter-output>
          </reporter-output>
        </test-method> <!-- click_On_Login -->
        <test-method signature="check_Credential(java.lang.String, java.lang.String, java.lang.String)[pri:2, instance:CamsOasys.Cams_Oasys.CamsEntry@1eb5174b]" started-at="2024-07-09T18:43:54 IST" name="check_Credential" data-provider="test" finished-at="2024-07-09T18:43:54 IST" duration-ms="14" status="PASS">
          <params>
            <param index="0">
              <value is-null="true"/>
            </param>
            <param index="1">
              <value is-null="true"/>
            </param>
            <param index="2">
              <value is-null="true"/>
            </param>
          </params>
          <reporter-output>
          </reporter-output>
        </test-method> <!-- check_Credential -->
        <test-method signature="check_Credential(java.lang.String, java.lang.String, java.lang.String)[pri:2, instance:CamsOasys.Cams_Oasys.CamsEntry@1eb5174b]" started-at="2024-07-09T18:43:54 IST" name="check_Credential" data-provider="test" finished-at="2024-07-09T18:43:56 IST" duration-ms="2603" status="PASS">
          <params>
            <param index="0">
              <value>
                <![CDATA[Aida SCS]]>
              </value>
            </param>
            <param index="1">
              <value>
                <![CDATA[admin209@gmail.com]]>
              </value>
            </param>
            <param index="2">
              <value>
                <![CDATA[Cams@1234]]>
              </value>
            </param>
          </params>
          <reporter-output>
          </reporter-output>
        </test-method> <!-- check_Credential -->
        <test-method signature="check_Credential(java.lang.String, java.lang.String, java.lang.String)[pri:2, instance:CamsOasys.Cams_Oasys.CamsEntry@1eb5174b]" started-at="2024-07-09T18:43:57 IST" name="check_Credential" data-provider="test" finished-at="2024-07-09T18:44:08 IST" duration-ms="11958" status="FAIL">
          <params>
            <param index="0">
              <value>
                <![CDATA[Ambasarmunda SCS]]>
              </value>
            </param>
            <param index="1">
              <value>
                <![CDATA[admin24@gmail.com]]>
              </value>
            </param>
            <param index="2">
              <value>
                <![CDATA[Cams@1234]]>
              </value>
            </param>
          </params>
          <exception class="org.openqa.selenium.NoSuchElementException">
            <message>
              <![CDATA[no such element: Unable to locate element: {"method":"xpath","selector":"//button[@id='page-header-user-dropdown']/span"}
  (Session info: chrome=126.0.6478.127)
For documentation on this error, please visit: https://www.seleniumhq.org/exceptions/no_such_element.html
Build info: version: '3.141.59', revision: 'e82be7d358', time: '2018-11-14T08:17:03'
System info: host: 'OASYS-LAP-146', ip: '192.168.6.138', os.name: 'Windows 11', os.arch: 'amd64', os.version: '10.0', java.version: '17.0.11'
Driver info: org.openqa.selenium.chrome.ChromeDriver
Capabilities {acceptInsecureCerts: false, browserName: chrome, browserVersion: 126.0.6478.127, chrome: {chromedriverVersion: 125.0.6422.141 (4b1e8393712..., userDataDir: C:\Users\nirak\AppData\Loca...}, fedcm:accounts: true, goog:chromeOptions: {debuggerAddress: localhost:52794}, javascriptEnabled: true, networkConnectionEnabled: false, pageLoadStrategy: normal, platform: WINDOWS, platformName: WINDOWS, proxy: Proxy(), setWindowRect: true, strictFileInteractability: false, timeouts: {implicit: 0, pageLoad: 300000, script: 30000}, unhandledPromptBehavior: dismiss and notify, webauthn:extension:credBlob: true, webauthn:extension:largeBlob: true, webauthn:extension:minPinLength: true, webauthn:extension:prf: true, webauthn:virtualAuthenticators: true}
Session ID: 2f21828349b4e278bf3890850d7a3826
*** Element info: {Using=xpath, value=//button[@id='page-header-user-dropdown']/span}]]>
            </message>
            <full-stacktrace>
              <![CDATA[org.openqa.selenium.NoSuchElementException: no such element: Unable to locate element: {"method":"xpath","selector":"//button[@id='page-header-user-dropdown']/span"}
  (Session info: chrome=126.0.6478.127)
For documentation on this error, please visit: https://www.seleniumhq.org/exceptions/no_such_element.html
Build info: version: '3.141.59', revision: 'e82be7d358', time: '2018-11-14T08:17:03'
System info: host: 'OASYS-LAP-146', ip: '192.168.6.138', os.name: 'Windows 11', os.arch: 'amd64', os.version: '10.0', java.version: '17.0.11'
Driver info: org.openqa.selenium.chrome.ChromeDriver
Capabilities {acceptInsecureCerts: false, browserName: chrome, browserVersion: 126.0.6478.127, chrome: {chromedriverVersion: 125.0.6422.141 (4b1e8393712..., userDataDir: C:\Users\nirak\AppData\Loca...}, fedcm:accounts: true, goog:chromeOptions: {debuggerAddress: localhost:52794}, javascriptEnabled: true, networkConnectionEnabled: false, pageLoadStrategy: normal, platform: WINDOWS, platformName: WINDOWS, proxy: Proxy(), setWindowRect: true, strictFileInteractability: false, timeouts: {implicit: 0, pageLoad: 300000, script: 30000}, unhandledPromptBehavior: dismiss and notify, webauthn:extension:credBlob: true, webauthn:extension:largeBlob: true, webauthn:extension:minPinLength: true, webauthn:extension:prf: true, webauthn:virtualAuthenticators: true}
Session ID: 2f21828349b4e278bf3890850d7a3826
*** Element info: {Using=xpath, value=//button[@id='page-header-user-dropdown']/span}
at java.base/jdk.internal.reflect.NativeConstructorAccessorImpl.newInstance0(Native Method)
at java.base/jdk.internal.reflect.NativeConstructorAccessorImpl.newInstance(NativeConstructorAccessorImpl.java:77)
at java.base/jdk.internal.reflect.DelegatingConstructorAccessorImpl.newInstance(DelegatingConstructorAccessorImpl.java:45)
at java.base/java.lang.reflect.Constructor.newInstanceWithCaller(Constructor.java:499)
at java.base/java.lang.reflect.Constructor.newInstance(Constructor.java:480)
at org.openqa.selenium.remote.http.W3CHttpResponseCodec.createException(W3CHttpResponseCodec.java:187)
at org.openqa.selenium.remote.http.W3CHttpResponseCodec.decode(W3CHttpResponseCodec.java:122)
at org.openqa.selenium.remote.http.W3CHttpResponseCodec.decode(W3CHttpResponseCodec.java:49)
at org.openqa.selenium.remote.HttpCommandExecutor.execute(HttpCommandExecutor.java:158)
at org.openqa.selenium.remote.service.DriverCommandExecutor.execute(DriverCommandExecutor.java:83)
at org.openqa.selenium.remote.RemoteWebDriver.execute(RemoteWebDriver.java:552)
at org.openqa.selenium.remote.RemoteWebDriver.findElement(RemoteWebDriver.java:323)
at org.openqa.selenium.remote.RemoteWebDriver.findElementByXPath(RemoteWebDriver.java:428)
at org.openqa.selenium.By$ByXPath.findElement(By.java:353)
at org.openqa.selenium.remote.RemoteWebDriver.findElement(RemoteWebDriver.java:315)
at CamsOasys.Cams_Oasys.CamsEntry.check_Credential(CamsEntry.java:159)
at java.base/jdk.internal.reflect.NativeMethodAccessorImpl.invoke0(Native Method)
at java.base/jdk.internal.reflect.NativeMethodAccessorImpl.invoke(NativeMethodAccessorImpl.java:77)
at java.base/jdk.internal.reflect.DelegatingMethodAccessorImpl.invoke(DelegatingMethodAccessorImpl.java:43)
at java.base/java.lang.reflect.Method.invoke(Method.java:568)
at org.testng.internal.MethodInvocationHelper.invokeMethod(MethodInvocationHelper.java:133)
at org.testng.internal.TestInvoker.invokeMethod(TestInvoker.java:584)
at org.testng.internal.TestInvoker.invokeTestMethod(TestInvoker.java:172)
at org.testng.internal.MethodRunner.runInSequence(MethodRunner.java:46)
at org.testng.internal.TestInvoker$MethodInvocationAgent.invoke(TestInvoker.java:804)
at org.testng.internal.TestInvoker.invokeTestMethods(TestInvoker.java:145)
at org.testng.internal.TestMethodWorker.invokeTestMethods(TestMethodWorker.java:146)
at org.testng.internal.TestMethodWorker.run(TestMethodWorker.java:128)
at java.base/java.util.ArrayList.forEach(ArrayList.java:1511)
at org.testng.TestRunner.privateRun(TestRunner.java:770)
at org.testng.TestRunner.run(TestRunner.java:591)
at org.testng.SuiteRunner.runTest(SuiteRunner.java:402)
at org.testng.SuiteRunner.runSequentially(SuiteRunner.java:396)
at org.testng.SuiteRunner.privateRun(SuiteRunner.java:355)
at org.testng.SuiteRunner.run(SuiteRunner.java:304)
at org.testng.SuiteRunnerWorker.runSuite(SuiteRunnerWorker.java:53)
at org.testng.SuiteRunnerWorker.run(SuiteRunnerWorker.java:96)
at org.testng.TestNG.runSuitesSequentially(TestNG.java:1180)
at org.testng.TestNG.runSuitesLocally(TestNG.java:1102)
at org.testng.TestNG.runSuites(TestNG.java:1032)
at org.testng.TestNG.run(TestNG.java:1000)
at org.testng.remote.AbstractRemoteTestNG.run(AbstractRemoteTestNG.java:115)
at org.testng.remote.RemoteTestNG.initAndRun(RemoteTestNG.java:293)
at org.testng.remote.RemoteTestNG.main(RemoteTestNG.java:91)
]]>
            </full-stacktrace>
          </exception> <!-- org.openqa.selenium.NoSuchElementException -->
          <reporter-output>
          </reporter-output>
        </test-method> <!-- check_Credential -->
        <test-method signature="check_Credential(java.lang.String, java.lang.String, java.lang.String)[pri:2, instance:CamsOasys.Cams_Oasys.CamsEntry@1eb5174b]" started-at="2024-07-09T18:44:08 IST" name="check_Credential" data-provider="test" finished-at="2024-07-09T18:44:10 IST" duration-ms="1734" status="PASS">
          <params>
            <param index="0">
              <value>
                <![CDATA[Angapada SCS]]>
              </value>
            </param>
            <param index="1">
              <value>
                <![CDATA[admin258@gmail.com]]>
              </value>
            </param>
            <param index="2">
              <value>
                <![CDATA[Cams@1234]]>
              </value>
            </param>
          </params>
          <reporter-output>
          </reporter-output>
        </test-method> <!-- check_Credential -->
        <test-method signature="check_Credential(java.lang.String, java.lang.String, java.lang.String)[pri:2, instance:CamsOasys.Cams_Oasys.CamsEntry@1eb5174b]" started-at="2024-07-09T18:44:10 IST" name="check_Credential" data-provider="test" finished-at="2024-07-09T18:44:12 IST" duration-ms="1679" status="PASS">
          <params>
            <param index="0">
              <value>
                <![CDATA[Badakantakul SCS]]>
              </value>
            </param>
            <param index="1">
              <value>
                <![CDATA[admin327@gmail.com]]>
              </value>
            </param>
            <param index="2">
              <value>
                <![CDATA[Cams@1234]]>
              </value>
            </param>
          </params>
          <reporter-output>
          </reporter-output>
        </test-method> <!-- check_Credential -->
        <test-method signature="check_Credential(java.lang.String, java.lang.String, java.lang.String)[pri:2, instance:CamsOasys.Cams_Oasys.CamsEntry@1eb5174b]" started-at="2024-07-09T18:44:12 IST" name="check_Credential" data-provider="test" finished-at="2024-07-09T18:44:14 IST" duration-ms="1847" status="PASS">
          <params>
            <param index="0">
              <value>
                <![CDATA[Badakera SCS]]>
              </value>
            </param>
            <param index="1">
              <value>
                <![CDATA[admin328@gmail.com]]>
              </value>
            </param>
            <param index="2">
              <value>
                <![CDATA[Cams@1234]]>
              </value>
            </param>
          </params>
          <reporter-output>
          </reporter-output>
        </test-method> <!-- check_Credential -->
        <test-method signature="check_Credential(java.lang.String, java.lang.String, java.lang.String)[pri:2, instance:CamsOasys.Cams_Oasys.CamsEntry@1eb5174b]" started-at="2024-07-09T18:44:14 IST" name="check_Credential" data-provider="test" finished-at="2024-07-09T18:44:15 IST" duration-ms="1679" status="PASS">
          <params>
            <param index="0">
              <value>
                <![CDATA[Badakerjang SCS]]>
              </value>
            </param>
            <param index="1">
              <value>
                <![CDATA[admin329@gmail.com]]>
              </value>
            </param>
            <param index="2">
              <value>
                <![CDATA[Cams@1234]]>
              </value>
            </param>
          </params>
          <reporter-output>
          </reporter-output>
        </test-method> <!-- check_Credential -->
        <test-method signature="check_Credential(java.lang.String, java.lang.String, java.lang.String)[pri:2, instance:CamsOasys.Cams_Oasys.CamsEntry@1eb5174b]" started-at="2024-07-09T18:44:15 IST" name="check_Credential" data-provider="test" finished-at="2024-07-09T18:44:17 IST" duration-ms="2035" status="PASS">
          <params>
            <param index="0">
              <value>
                <![CDATA[Badajorada SCS]]>
              </value>
            </param>
            <param index="1">
              <value>
                <![CDATA[admin324@gmail.com]]>
              </value>
            </param>
            <param index="2">
              <value>
                <![CDATA[Cams@1234]]>
              </value>
            </param>
          </params>
          <reporter-output>
          </reporter-output>
        </test-method> <!-- check_Credential -->
        <test-method signature="check_Credential(java.lang.String, java.lang.String, java.lang.String)[pri:2, instance:CamsOasys.Cams_Oasys.CamsEntry@1eb5174b]" started-at="2024-07-09T18:44:17 IST" name="check_Credential" data-provider="test" finished-at="2024-07-09T18:44:19 IST" duration-ms="1763" status="PASS">
          <params>
            <param index="0">
              <value>
                <![CDATA[Badasoda SCS]]>
              </value>
            </param>
            <param index="1">
              <value>
                <![CDATA[admin353@gmail.com]]>
              </value>
            </param>
            <param index="2">
              <value>
                <![CDATA[Cams@1234]]>
              </value>
            </param>
          </params>
          <reporter-output>
          </reporter-output>
        </test-method> <!-- check_Credential -->
        <test-method signature="check_Credential(java.lang.String, java.lang.String, java.lang.String)[pri:2, instance:CamsOasys.Cams_Oasys.CamsEntry@1eb5174b]" started-at="2024-07-09T18:44:19 IST" name="check_Credential" data-provider="test" finished-at="2024-07-09T18:44:21 IST" duration-ms="1863" status="PASS">
          <params>
            <param index="0">
              <value>
                <![CDATA[Bagedia SCS]]>
              </value>
            </param>
            <param index="1">
              <value>
                <![CDATA[admin367@gmail.com]]>
              </value>
            </param>
            <param index="2">
              <value>
                <![CDATA[Cams@1234]]>
              </value>
            </param>
          </params>
          <reporter-output>
          </reporter-output>
        </test-method> <!-- check_Credential -->
        <test-method signature="check_Credential(java.lang.String, java.lang.String, java.lang.String)[pri:2, instance:CamsOasys.Cams_Oasys.CamsEntry@1eb5174b]" started-at="2024-07-09T18:44:21 IST" name="check_Credential" data-provider="test" finished-at="2024-07-09T18:44:23 IST" duration-ms="2026" status="PASS">
          <params>
            <param index="0">
              <value>
                <![CDATA[Baghuakata SCS]]>
              </value>
            </param>
            <param index="1">
              <value>
                <![CDATA[admin371@gmail.com]]>
              </value>
            </param>
            <param index="2">
              <value>
                <![CDATA[Cams@1234]]>
              </value>
            </param>
          </params>
          <reporter-output>
          </reporter-output>
        </test-method> <!-- check_Credential -->
        <test-method signature="check_Credential(java.lang.String, java.lang.String, java.lang.String)[pri:2, instance:CamsOasys.Cams_Oasys.CamsEntry@1eb5174b]" started-at="2024-07-09T18:44:23 IST" name="check_Credential" data-provider="test" finished-at="2024-07-09T18:44:26 IST" duration-ms="3320" status="PASS">
          <params>
            <param index="0">
              <value>
                <![CDATA[Bajrakote SCS]]>
              </value>
            </param>
            <param index="1">
              <value>
                <![CDATA[admin393@gmail.com]]>
              </value>
            </param>
            <param index="2">
              <value>
                <![CDATA[Cams@1234]]>
              </value>
            </param>
          </params>
          <reporter-output>
          </reporter-output>
        </test-method> <!-- check_Credential -->
        <test-method signature="check_Credential(java.lang.String, java.lang.String, java.lang.String)[pri:2, instance:CamsOasys.Cams_Oasys.CamsEntry@1eb5174b]" started-at="2024-07-09T18:44:26 IST" name="check_Credential" data-provider="test" finished-at="2024-07-09T18:44:29 IST" duration-ms="2562" status="PASS">
          <params>
            <param index="0">
              <value>
                <![CDATA[Balaramprasad SCS]]>
              </value>
            </param>
            <param index="1">
              <value>
                <![CDATA[admin403@gmail.com]]>
              </value>
            </param>
            <param index="2">
              <value>
                <![CDATA[Cams@1234]]>
              </value>
            </param>
          </params>
          <reporter-output>
          </reporter-output>
        </test-method> <!-- check_Credential -->
        <test-method signature="check_Credential(java.lang.String, java.lang.String, java.lang.String)[pri:2, instance:CamsOasys.Cams_Oasys.CamsEntry@1eb5174b]" started-at="2024-07-09T18:44:29 IST" name="check_Credential" data-provider="test" finished-at="2024-07-09T18:44:32 IST" duration-ms="3383" status="PASS">
          <params>
            <param index="0">
              <value>
                <![CDATA[Balipasi SCS]]>
              </value>
            </param>
            <param index="1">
              <value>
                <![CDATA[admin421@gmail.com]]>
              </value>
            </param>
            <param index="2">
              <value>
                <![CDATA[Cams@1234]]>
              </value>
            </param>
          </params>
          <reporter-output>
          </reporter-output>
        </test-method> <!-- check_Credential -->
        <test-method signature="check_Credential(java.lang.String, java.lang.String, java.lang.String)[pri:2, instance:CamsOasys.Cams_Oasys.CamsEntry@1eb5174b]" started-at="2024-07-09T18:44:32 IST" name="check_Credential" data-provider="test" finished-at="2024-07-09T18:44:35 IST" duration-ms="3107" status="PASS">
          <params>
            <param index="0">
              <value>
                <![CDATA[Ballipata SCS]]>
              </value>
            </param>
            <param index="1">
              <value>
                <![CDATA[admin430@gmail.com]]>
              </value>
            </param>
            <param index="2">
              <value>
                <![CDATA[Cams@1234]]>
              </value>
            </param>
          </params>
          <reporter-output>
          </reporter-output>
        </test-method> <!-- check_Credential -->
        <test-method is-config="true" signature="teardown()[pri:0, instance:CamsOasys.Cams_Oasys.CamsEntry@1eb5174b]" started-at="2024-07-09T18:44:35 IST" name="teardown" finished-at="2024-07-09T18:44:38 IST" duration-ms="2297" status="PASS">
          <reporter-output>
          </reporter-output>
        </test-method> <!-- teardown -->
      </class> <!-- CamsOasys.Cams_Oasys.CamsEntry -->
    </test> <!-- OasysDataCAMS -->
  </suite> <!-- Suite -->
</testng-results>
