<?xml version="1.0" encoding="UTF-8"?>
<!-- Generated by org.testng.reporters.JUnitReportReporter -->
<testsuite hostname="OASYS-LAP-146" failures="0" tests="24" name="CamsOasys.Cams_Marketing_Testing.ValidationMessageForFertilizerpage" time="60.396" errors="1" timestamp="2024-07-30T10:54:11 IST" skipped="0">
  <testcase classname="CamsOasys.Cams_Marketing_Testing.ValidationMessageForFertilizerpage" name="landing_On_The_Marketing_Page" time="2.715"/>
  <testcase classname="CamsOasys.Cams_Marketing_Testing.ValidationMessageForFertilizerpage" name="click_On_Fortilizer_Page" time="4.184"/>
  <testcase classname="CamsOasys.Cams_Marketing_Testing.ValidationMessageForFertilizerpage" name="check_Validation_Message_For_TargetField" time="4.415"/>
  <testcase classname="CamsOasys.Cams_Marketing_Testing.ValidationMessageForFertilizerpage" name="check_Validation_Message_For_Target_Delete_Value" time="2.347"/>
  <testcase classname="CamsOasys.Cams_Marketing_Testing.ValidationMessageForFertilizerpage" name="check_Validation_Message_For_Quantity_Of_Fertilizer" time="2.242"/>
  <testcase classname="CamsOasys.Cams_Marketing_Testing.ValidationMessageForFertilizerpage" name="check_Validation_Message_For_Quantity_Of_Fortilizer_Delete_Value" time="2.296"/>
  <testcase classname="CamsOasys.Cams_Marketing_Testing.ValidationMessageForFertilizerpage" name="check_Validation_Message_For_LastWeek_Achievement" time="2.318"/>
  <testcase classname="CamsOasys.Cams_Marketing_Testing.ValidationMessageForFertilizerpage" name="check_Validation_Messsage_For_LastWeek_Achievement_Delete_Value" time="2.297"/>
  <testcase classname="CamsOasys.Cams_Marketing_Testing.ValidationMessageForFertilizerpage" name="check_Validation_Message_For_CashSale" time="2.254">
    <error message="no such element: Unable to locate element: {&quot;method&quot;:&quot;xpath&quot;,&quot;selector&quot;:&quot;//input[@id=&#039;cash-sale&#039;]/following-sibling::label&quot;}
  (Session info: chrome=126.0.6478.185)
For documentation on this error, please visit: https://www.seleniumhq.org/exceptions/no_such_element.html
Build info: version: &#039;3.141.59&#039;, revision: &#039;e82be7d358&#039;, time: &#039;2018-11-14T08:17:03&#039;
System info: host: &#039;OASYS-LAP-146&#039;, ip: &#039;192.168.6.161&#039;, os.name: &#039;Windows 11&#039;, os.arch: &#039;amd64&#039;, os.version: &#039;10.0&#039;, java.version: &#039;17.0.11&#039;
Driver info: org.openqa.selenium.chrome.ChromeDriver
Capabilities {acceptInsecureCerts: false, browserName: chrome, browserVersion: 126.0.6478.185, chrome: {chromedriverVersion: 125.0.6422.141 (4b1e8393712..., userDataDir: C:\Users\nirak\AppData\Loca...}, fedcm:accounts: true, goog:chromeOptions: {debuggerAddress: localhost:60560}, javascriptEnabled: true, networkConnectionEnabled: false, pageLoadStrategy: normal, platform: WINDOWS, platformName: WINDOWS, proxy: Proxy(), setWindowRect: true, strictFileInteractability: false, timeouts: {implicit: 0, pageLoad: 300000, script: 30000}, unhandledPromptBehavior: dismiss and notify, webauthn:extension:credBlob: true, webauthn:extension:largeBlob: true, webauthn:extension:minPinLength: true, webauthn:extension:prf: true, webauthn:virtualAuthenticators: true}
Session ID: e6a854fe9c4cee76b039cbed3eadf598
*** Element info: {Using=xpath, value=//input[@id=&#039;cash-sale&#039;]/following-sibling::label}" type="org.openqa.selenium.NoSuchElementException">
      <![CDATA[org.openqa.selenium.NoSuchElementException: no such element: Unable to locate element: {"method":"xpath","selector":"//input[@id='cash-sale']/following-sibling::label"}
  (Session info: chrome=126.0.6478.185)
For documentation on this error, please visit: https://www.seleniumhq.org/exceptions/no_such_element.html
Build info: version: '3.141.59', revision: 'e82be7d358', time: '2018-11-14T08:17:03'
System info: host: 'OASYS-LAP-146', ip: '192.168.6.161', os.name: 'Windows 11', os.arch: 'amd64', os.version: '10.0', java.version: '17.0.11'
Driver info: org.openqa.selenium.chrome.ChromeDriver
Capabilities {acceptInsecureCerts: false, browserName: chrome, browserVersion: 126.0.6478.185, chrome: {chromedriverVersion: 125.0.6422.141 (4b1e8393712..., userDataDir: C:\Users\nirak\AppData\Loca...}, fedcm:accounts: true, goog:chromeOptions: {debuggerAddress: localhost:60560}, javascriptEnabled: true, networkConnectionEnabled: false, pageLoadStrategy: normal, platform: WINDOWS, platformName: WINDOWS, proxy: Proxy(), setWindowRect: true, strictFileInteractability: false, timeouts: {implicit: 0, pageLoad: 300000, script: 30000}, unhandledPromptBehavior: dismiss and notify, webauthn:extension:credBlob: true, webauthn:extension:largeBlob: true, webauthn:extension:minPinLength: true, webauthn:extension:prf: true, webauthn:virtualAuthenticators: true}
Session ID: e6a854fe9c4cee76b039cbed3eadf598
*** Element info: {Using=xpath, value=//input[@id='cash-sale']/following-sibling::label}
at java.base/jdk.internal.reflect.NativeConstructorAccessorImpl.newInstance0(Native Method)
at java.base/jdk.internal.reflect.NativeConstructorAccessorImpl.newInstance(NativeConstructorAccessorImpl.java:77)
at java.base/jdk.internal.reflect.DelegatingConstructorAccessorImpl.newInstance(DelegatingConstructorAccessorImpl.java:45)
at java.base/java.lang.reflect.Constructor.newInstanceWithCaller(Constructor.java:499)
at java.base/java.lang.reflect.Constructor.newInstance(Constructor.java:480)
at org.openqa.selenium.remote.http.W3CHttpResponseCodec.createException(W3CHttpResponseCodec.java:187)
at org.openqa.selenium.remote.http.W3CHttpResponseCodec.decode(W3CHttpResponseCodec.java:122)
at org.openqa.selenium.remote.http.W3CHttpResponseCodec.decode(W3CHttpResponseCodec.java:49)
at org.openqa.selenium.remote.HttpCommandExecutor.execute(HttpCommandExecutor.java:158)
at org.openqa.selenium.remote.service.DriverCommandExecutor.execute(DriverCommandExecutor.java:83)
at org.openqa.selenium.remote.RemoteWebDriver.execute(RemoteWebDriver.java:552)
at org.openqa.selenium.remote.RemoteWebDriver.findElement(RemoteWebDriver.java:323)
at org.openqa.selenium.remote.RemoteWebDriver.findElementByXPath(RemoteWebDriver.java:428)
at org.openqa.selenium.By$ByXPath.findElement(By.java:353)
at org.openqa.selenium.remote.RemoteWebDriver.findElement(RemoteWebDriver.java:315)
at CamsOasys.Cams_Marketing_Testing.ValidationMessageForFertilizerpage.check_Validation_Message_For_CashSale(ValidationMessageForFertilizerpage.java:186)
at java.base/jdk.internal.reflect.NativeMethodAccessorImpl.invoke0(Native Method)
at java.base/jdk.internal.reflect.NativeMethodAccessorImpl.invoke(NativeMethodAccessorImpl.java:77)
at java.base/jdk.internal.reflect.DelegatingMethodAccessorImpl.invoke(DelegatingMethodAccessorImpl.java:43)
at java.base/java.lang.reflect.Method.invoke(Method.java:568)
at org.testng.internal.MethodInvocationHelper.invokeMethod(MethodInvocationHelper.java:133)
at org.testng.internal.TestInvoker.invokeMethod(TestInvoker.java:584)
at org.testng.internal.TestInvoker.invokeTestMethod(TestInvoker.java:172)
at org.testng.internal.MethodRunner.runInSequence(MethodRunner.java:46)
at org.testng.internal.TestInvoker$MethodInvocationAgent.invoke(TestInvoker.java:804)
at org.testng.internal.TestInvoker.invokeTestMethods(TestInvoker.java:145)
at org.testng.internal.TestMethodWorker.invokeTestMethods(TestMethodWorker.java:146)
at org.testng.internal.TestMethodWorker.run(TestMethodWorker.java:128)
at java.base/java.util.ArrayList.forEach(ArrayList.java:1511)
at org.testng.TestRunner.privateRun(TestRunner.java:770)
at org.testng.TestRunner.run(TestRunner.java:591)
at org.testng.SuiteRunner.runTest(SuiteRunner.java:402)
at org.testng.SuiteRunner.runSequentially(SuiteRunner.java:396)
at org.testng.SuiteRunner.privateRun(SuiteRunner.java:355)
at org.testng.SuiteRunner.run(SuiteRunner.java:304)
at org.testng.SuiteRunnerWorker.runSuite(SuiteRunnerWorker.java:53)
at org.testng.SuiteRunnerWorker.run(SuiteRunnerWorker.java:96)
at org.testng.TestNG.runSuitesSequentially(TestNG.java:1180)
at org.testng.TestNG.runSuitesLocally(TestNG.java:1102)
at org.testng.TestNG.runSuites(TestNG.java:1032)
at org.testng.TestNG.run(TestNG.java:1000)
at org.testng.remote.AbstractRemoteTestNG.run(AbstractRemoteTestNG.java:115)
at org.testng.remote.RemoteTestNG.initAndRun(RemoteTestNG.java:293)
at org.testng.remote.RemoteTestNG.main(RemoteTestNG.java:91)
]]>
    </error>
  </testcase> <!-- check_Validation_Message_For_CashSale -->
  <testcase classname="CamsOasys.Cams_Marketing_Testing.ValidationMessageForFertilizerpage" name="check_Validation_Message_For_CashSale_Delete_Value" time="2.292"/>
  <testcase classname="CamsOasys.Cams_Marketing_Testing.ValidationMessageForFertilizerpage" name="check_Validation_Message_For_Bcomponent" time="2.310"/>
  <testcase classname="CamsOasys.Cams_Marketing_Testing.ValidationMessageForFertilizerpage" name="check_Validation_Message_For_Bcomponent_Delete_Value" time="2.362"/>
  <testcase classname="CamsOasys.Cams_Marketing_Testing.ValidationMessageForFertilizerpage" name="check_validation_Message_For_TotalSale" time="2.323"/>
  <testcase classname="CamsOasys.Cams_Marketing_Testing.ValidationMessageForFertilizerpage" name="check_Validation_Message_For_TotalSale" time="2.319"/>
  <testcase classname="CamsOasys.Cams_Marketing_Testing.ValidationMessageForFertilizerpage" name="check_Validation_Message_For_Out_Of_Which_Urea" time="2.422"/>
  <testcase classname="CamsOasys.Cams_Marketing_Testing.ValidationMessageForFertilizerpage" name="check_Validation_Message_For_Out_Of_Which_Urea_Delete_Value" time="2.401"/>
  <testcase classname="CamsOasys.Cams_Marketing_Testing.ValidationMessageForFertilizerpage" name="check_Validation_Message_For_Balance" time="2.321"/>
  <testcase classname="CamsOasys.Cams_Marketing_Testing.ValidationMessageForFertilizerpage" name="check_Validation_Message_For_Balance_Delete_Value" time="2.526"/>
  <testcase classname="CamsOasys.Cams_Marketing_Testing.ValidationMessageForFertilizerpage" name="check_Validation_Message_For_Achievement" time="2.328"/>
  <testcase classname="CamsOasys.Cams_Marketing_Testing.ValidationMessageForFertilizerpage" name="check_Validation_Message_For_Achievement_Delete_Value" time="2.345"/>
  <testcase classname="CamsOasys.Cams_Marketing_Testing.ValidationMessageForFertilizerpage" name="check_Validation_Message_For_Sale" time="2.313"/>
  <testcase classname="CamsOasys.Cams_Marketing_Testing.ValidationMessageForFertilizerpage" name="check_Validation_Message_For_Sale_Delete_Value" time="2.355"/>
  <testcase classname="CamsOasys.Cams_Marketing_Testing.ValidationMessageForFertilizerpage" name="check_Validation_Message_For_Balance_Field" time="2.249"/>
  <testcase classname="CamsOasys.Cams_Marketing_Testing.ValidationMessageForFertilizerpage" name="check_Validation_Message_For_Balance_Field_Delete_Value" time="2.462"/>
</testsuite> <!-- CamsOasys.Cams_Marketing_Testing.ValidationMessageForFertilizerpage -->
